The system is: Darwin - 9.6.0 - i386
Compiling the C compiler identification source file "CMakeCCompilerId.c" succeeded.
Compiler: /usr/bin/gcc 
Build flags: 
Id flags: 

The output was:
0


Compilation of the C compiler identification source "CMakeCCompilerId.c" produced "a.out"

The C compiler identification is GNU, found in "/Users/arkygeek/devel/landuseanalyst/buildXCODE/CMakeFiles/CompilerIdC/a.out"

Compiling the CXX compiler identification source file "CMakeCXXCompilerId.cpp" succeeded.
Compiler: /usr/bin/g++ 
Build flags: 
Id flags: 

The output was:
0


Compilation of the CXX compiler identification source "CMakeCXXCompilerId.cpp" produced "a.out"

The CXX compiler identification is GNU, found in "/Users/arkygeek/devel/landuseanalyst/buildXCODE/CMakeFiles/CompilerIdCXX/a.out"

Determining if the C compiler works passed with the following output:
Change Dir: /Users/arkygeek/devel/landuseanalyst/buildXCODE/CMakeFiles/CMakeTmp

Run Build Command:/Applications/CMake\ 2.6-3.app/Contents/bin/cmakexbuild -project CMAKE_TRY_COMPILE.xcodeproj build -target cmTryCompileExec -configuration Debug
=== BUILDING NATIVE TARGET cmTryCompileExec OF PROJECT CMAKE_TRY_COMPILE WITH CONFIGURATION Debug ===

Checking Dependencies...

PhaseScriptExecution /Users/arkygeek/devel/landuseanalyst/buildXCODE/CMakeFiles/CMakeTmp/CMAKE_TRY_COMPILE.build/Debug/cmTryCompileExec.build/Script-F8A28E0F8A28E0F8A28E0000.sh
    cd /Users/arkygeek/devel/landuseanalyst/buildXCODE/CMakeFiles/CMakeTmp
    /bin/sh -c /Users/arkygeek/devel/landuseanalyst/buildXCODE/CMakeFiles/CMakeTmp/CMAKE_TRY_COMPILE.build/Debug/cmTryCompileExec.build/Script-F8A28E0F8A28E0F8A28E0000.sh
make: `CMakeFiles/cmake.check_cache' is up to date.

CompileC CMAKE_TRY_COMPILE.build/Debug/cmTryCompileExec.build/Objects-normal/i386/testCCompiler.o /Users/arkygeek/devel/landuseanalyst/buildXCODE/CMakeFiles/CMakeTmp/testCCompiler.c normal i386 c com.apple.compilers.gcc.4_0
    cd /Users/arkygeek/devel/landuseanalyst/buildXCODE/CMakeFiles/CMakeTmp
    /Developer/usr/bin/gcc-4.0 -x c -arch i386 -fmessage-length=0 -pipe -Wno-trigraphs -fpascal-strings -fasm-blocks -O0 -mdynamic-no-pic -DCMAKE_INTDIR="Debug" -gdwarf-2 -Wmost -Wno-four-char-constants -Wno-unknown-pragmas -F/Users/arkygeek/devel/landuseanalyst/buildXCODE/CMakeFiles/CMakeTmp/Debug -I/Users/arkygeek/devel/landuseanalyst/buildXCODE/CMakeFiles/CMakeTmp/Debug/include -I/Users/arkygeek/devel/landuseanalyst/buildXCODE/CMakeFiles/CMakeTmp/CMAKE_TRY_COMPILE.build/Debug/cmTryCompileExec.build/DerivedSources -c /Users/arkygeek/devel/landuseanalyst/buildXCODE/CMakeFiles/CMakeTmp/testCCompiler.c -o /Users/arkygeek/devel/landuseanalyst/buildXCODE/CMakeFiles/CMakeTmp/CMAKE_TRY_COMPILE.build/Debug/cmTryCompileExec.build/Objects-normal/i386/testCCompiler.o

Ld /Users/arkygeek/devel/landuseanalyst/buildXCODE/CMakeFiles/CMakeTmp/Debug/cmTryCompileExec normal i386
    mkdir /Users/arkygeek/devel/landuseanalyst/buildXCODE/CMakeFiles/CMakeTmp/Debug
    cd /Users/arkygeek/devel/landuseanalyst/buildXCODE/CMakeFiles/CMakeTmp
    /Developer/usr/bin/gcc-4.0 -arch i386 -L/Users/arkygeek/devel/landuseanalyst/buildXCODE/CMakeFiles/CMakeTmp/Debug -F/Users/arkygeek/devel/landuseanalyst/buildXCODE/CMakeFiles/CMakeTmp/Debug -filelist /Users/arkygeek/devel/landuseanalyst/buildXCODE/CMakeFiles/CMakeTmp/CMAKE_TRY_COMPILE.build/Debug/cmTryCompileExec.build/Objects-normal/i386/cmTryCompileExec.LinkFileList -Wl,-search_paths_first -headerpad_max_install_names -o /Users/arkygeek/devel/landuseanalyst/buildXCODE/CMakeFiles/CMakeTmp/Debug/cmTryCompileExec

PhaseScriptExecution /Users/arkygeek/devel/landuseanalyst/buildXCODE/CMakeFiles/CMakeTmp/CMAKE_TRY_COMPILE.build/Debug/cmTryCompileExec.build/Script-F8A30E0F8A30E0F8A30E0000.sh
    cd /Users/arkygeek/devel/landuseanalyst/buildXCODE/CMakeFiles/CMakeTmp
    /bin/sh -c /Users/arkygeek/devel/landuseanalyst/buildXCODE/CMakeFiles/CMakeTmp/CMAKE_TRY_COMPILE.build/Debug/cmTryCompileExec.build/Script-F8A30E0F8A30E0F8A30E0000.sh
echo "Depend check for xcode"
Depend check for xcode
cd /Users/arkygeek/devel/landuseanalyst/buildXCODE/CMakeFiles/CMakeTmp && make -C /Users/arkygeek/devel/landuseanalyst/buildXCODE/CMakeFiles/CMakeTmp -f /Users/arkygeek/devel/landuseanalyst/buildXCODE/CMakeFiles/CMakeTmp/CMakeScripts/XCODE_DEPEND_HELPER.make all.Debug
make[1]: Nothing to be done for `all.Debug'.
** BUILD SUCCEEDED **


Detecting C compiler ABI info compiled with the following output:
Change Dir: /Users/arkygeek/devel/landuseanalyst/buildXCODE/CMakeFiles/CMakeTmp

Run Build Command:/Applications/CMake\ 2.6-3.app/Contents/bin/cmakexbuild -project CMAKE_TRY_COMPILE.xcodeproj build -target cmTryCompileExec -configuration Debug
=== BUILDING NATIVE TARGET cmTryCompileExec OF PROJECT CMAKE_TRY_COMPILE WITH CONFIGURATION Debug ===

Checking Dependencies...

PhaseScriptExecution /Users/arkygeek/devel/landuseanalyst/buildXCODE/CMakeFiles/CMakeTmp/CMAKE_TRY_COMPILE.build/Debug/cmTryCompileExec.build/Script-F8951B0F8951B0F8951B0000.sh
    cd /Users/arkygeek/devel/landuseanalyst/buildXCODE/CMakeFiles/CMakeTmp
    /bin/sh -c /Users/arkygeek/devel/landuseanalyst/buildXCODE/CMakeFiles/CMakeTmp/CMAKE_TRY_COMPILE.build/Debug/cmTryCompileExec.build/Script-F8951B0F8951B0F8951B0000.sh
make: `CMakeFiles/cmake.check_cache' is up to date.

CompileC CMAKE_TRY_COMPILE.build/Debug/cmTryCompileExec.build/Objects-normal/i386/CMakeCCompilerABI.o "/Applications/CMake 2.6-3.app/Contents/share/cmake-2.6/Modules/CMakeCCompilerABI.c" normal i386 c com.apple.compilers.gcc.4_0
    cd /Users/arkygeek/devel/landuseanalyst/buildXCODE/CMakeFiles/CMakeTmp
    /Developer/usr/bin/gcc-4.0 -x c -arch i386 -fmessage-length=0 -pipe -Wno-trigraphs -fpascal-strings -fasm-blocks -O0 -mdynamic-no-pic -DCMAKE_INTDIR="Debug" -gdwarf-2 -Wmost -Wno-four-char-constants -Wno-unknown-pragmas -F/Users/arkygeek/devel/landuseanalyst/buildXCODE/CMakeFiles/CMakeTmp/Debug -I/Users/arkygeek/devel/landuseanalyst/buildXCODE/CMakeFiles/CMakeTmp/Debug/include -I/Users/arkygeek/devel/landuseanalyst/buildXCODE/CMakeFiles/CMakeTmp/CMAKE_TRY_COMPILE.build/Debug/cmTryCompileExec.build/DerivedSources -c "/Applications/CMake 2.6-3.app/Contents/share/cmake-2.6/Modules/CMakeCCompilerABI.c" -o /Users/arkygeek/devel/landuseanalyst/buildXCODE/CMakeFiles/CMakeTmp/CMAKE_TRY_COMPILE.build/Debug/cmTryCompileExec.build/Objects-normal/i386/CMakeCCompilerABI.o

Ld /Users/arkygeek/devel/landuseanalyst/buildXCODE/CMakeFiles/CMakeTmp/Debug/cmTryCompileExec normal i386
    cd /Users/arkygeek/devel/landuseanalyst/buildXCODE/CMakeFiles/CMakeTmp
    /Developer/usr/bin/gcc-4.0 -arch i386 -L/Users/arkygeek/devel/landuseanalyst/buildXCODE/CMakeFiles/CMakeTmp/Debug -F/Users/arkygeek/devel/landuseanalyst/buildXCODE/CMakeFiles/CMakeTmp/Debug -filelist /Users/arkygeek/devel/landuseanalyst/buildXCODE/CMakeFiles/CMakeTmp/CMAKE_TRY_COMPILE.build/Debug/cmTryCompileExec.build/Objects-normal/i386/cmTryCompileExec.LinkFileList -Wl,-search_paths_first -headerpad_max_install_names -o /Users/arkygeek/devel/landuseanalyst/buildXCODE/CMakeFiles/CMakeTmp/Debug/cmTryCompileExec

PhaseScriptExecution /Users/arkygeek/devel/landuseanalyst/buildXCODE/CMakeFiles/CMakeTmp/CMAKE_TRY_COMPILE.build/Debug/cmTryCompileExec.build/Script-F8959D0F8959D0F8959D0000.sh
    cd /Users/arkygeek/devel/landuseanalyst/buildXCODE/CMakeFiles/CMakeTmp
    /bin/sh -c /Users/arkygeek/devel/landuseanalyst/buildXCODE/CMakeFiles/CMakeTmp/CMAKE_TRY_COMPILE.build/Debug/cmTryCompileExec.build/Script-F8959D0F8959D0F8959D0000.sh
echo "Depend check for xcode"
Depend check for xcode
cd /Users/arkygeek/devel/landuseanalyst/buildXCODE/CMakeFiles/CMakeTmp && make -C /Users/arkygeek/devel/landuseanalyst/buildXCODE/CMakeFiles/CMakeTmp -f /Users/arkygeek/devel/landuseanalyst/buildXCODE/CMakeFiles/CMakeTmp/CMakeScripts/XCODE_DEPEND_HELPER.make all.Debug
make[1]: Nothing to be done for `all.Debug'.
** BUILD SUCCEEDED **


Determining if the CXX compiler works passed with the following output:
Change Dir: /Users/arkygeek/devel/landuseanalyst/buildXCODE/CMakeFiles/CMakeTmp

Run Build Command:/Applications/CMake\ 2.6-3.app/Contents/bin/cmakexbuild -project CMAKE_TRY_COMPILE.xcodeproj build -target cmTryCompileExec -configuration Debug
=== BUILDING NATIVE TARGET cmTryCompileExec OF PROJECT CMAKE_TRY_COMPILE WITH CONFIGURATION Debug ===

Checking Dependencies...

PhaseScriptExecution /Users/arkygeek/devel/landuseanalyst/buildXCODE/CMakeFiles/CMakeTmp/CMAKE_TRY_COMPILE.build/Debug/cmTryCompileExec.build/Script-F89B790F89B790F89B790000.sh
    cd /Users/arkygeek/devel/landuseanalyst/buildXCODE/CMakeFiles/CMakeTmp
    /bin/sh -c /Users/arkygeek/devel/landuseanalyst/buildXCODE/CMakeFiles/CMakeTmp/CMAKE_TRY_COMPILE.build/Debug/cmTryCompileExec.build/Script-F89B790F89B790F89B790000.sh
make: `CMakeFiles/cmake.check_cache' is up to date.

CompileC CMAKE_TRY_COMPILE.build/Debug/cmTryCompileExec.build/Objects-normal/i386/testCXXCompiler.o /Users/arkygeek/devel/landuseanalyst/buildXCODE/CMakeFiles/CMakeTmp/testCXXCompiler.cxx normal i386 c++ com.apple.compilers.gcc.4_0
    cd /Users/arkygeek/devel/landuseanalyst/buildXCODE/CMakeFiles/CMakeTmp
    /Developer/usr/bin/gcc-4.0 -x c++ -arch i386 -fmessage-length=0 -pipe -Wno-trigraphs -fpascal-strings -fasm-blocks -O0 -mdynamic-no-pic -DCMAKE_INTDIR="Debug" -gdwarf-2 -Wmost -Wno-four-char-constants -Wno-unknown-pragmas -F/Users/arkygeek/devel/landuseanalyst/buildXCODE/CMakeFiles/CMakeTmp/Debug -I/Users/arkygeek/devel/landuseanalyst/buildXCODE/CMakeFiles/CMakeTmp/Debug/include -I/Users/arkygeek/devel/landuseanalyst/buildXCODE/CMakeFiles/CMakeTmp/CMAKE_TRY_COMPILE.build/Debug/cmTryCompileExec.build/DerivedSources -c /Users/arkygeek/devel/landuseanalyst/buildXCODE/CMakeFiles/CMakeTmp/testCXXCompiler.cxx -o /Users/arkygeek/devel/landuseanalyst/buildXCODE/CMakeFiles/CMakeTmp/CMAKE_TRY_COMPILE.build/Debug/cmTryCompileExec.build/Objects-normal/i386/testCXXCompiler.o

Ld /Users/arkygeek/devel/landuseanalyst/buildXCODE/CMakeFiles/CMakeTmp/Debug/cmTryCompileExec normal i386
    cd /Users/arkygeek/devel/landuseanalyst/buildXCODE/CMakeFiles/CMakeTmp
    /Developer/usr/bin/g++-4.0 -arch i386 -L/Users/arkygeek/devel/landuseanalyst/buildXCODE/CMakeFiles/CMakeTmp/Debug -F/Users/arkygeek/devel/landuseanalyst/buildXCODE/CMakeFiles/CMakeTmp/Debug -filelist /Users/arkygeek/devel/landuseanalyst/buildXCODE/CMakeFiles/CMakeTmp/CMAKE_TRY_COMPILE.build/Debug/cmTryCompileExec.build/Objects-normal/i386/cmTryCompileExec.LinkFileList -Wl,-search_paths_first -headerpad_max_install_names -o /Users/arkygeek/devel/landuseanalyst/buildXCODE/CMakeFiles/CMakeTmp/Debug/cmTryCompileExec

PhaseScriptExecution /Users/arkygeek/devel/landuseanalyst/buildXCODE/CMakeFiles/CMakeTmp/CMAKE_TRY_COMPILE.build/Debug/cmTryCompileExec.build/Script-F89B8F0F89B8F0F89B8F0000.sh
    cd /Users/arkygeek/devel/landuseanalyst/buildXCODE/CMakeFiles/CMakeTmp
    /bin/sh -c /Users/arkygeek/devel/landuseanalyst/buildXCODE/CMakeFiles/CMakeTmp/CMAKE_TRY_COMPILE.build/Debug/cmTryCompileExec.build/Script-F89B8F0F89B8F0F89B8F0000.sh
echo "Depend check for xcode"
Depend check for xcode
cd /Users/arkygeek/devel/landuseanalyst/buildXCODE/CMakeFiles/CMakeTmp && make -C /Users/arkygeek/devel/landuseanalyst/buildXCODE/CMakeFiles/CMakeTmp -f /Users/arkygeek/devel/landuseanalyst/buildXCODE/CMakeFiles/CMakeTmp/CMakeScripts/XCODE_DEPEND_HELPER.make all.Debug
make[1]: Nothing to be done for `all.Debug'.
** BUILD SUCCEEDED **


Detecting CXX compiler ABI info compiled with the following output:
Change Dir: /Users/arkygeek/devel/landuseanalyst/buildXCODE/CMakeFiles/CMakeTmp

Run Build Command:/Applications/CMake\ 2.6-3.app/Contents/bin/cmakexbuild -project CMAKE_TRY_COMPILE.xcodeproj build -target cmTryCompileExec -configuration Debug
=== BUILDING NATIVE TARGET cmTryCompileExec OF PROJECT CMAKE_TRY_COMPILE WITH CONFIGURATION Debug ===

Checking Dependencies...

PhaseScriptExecution /Users/arkygeek/devel/landuseanalyst/buildXCODE/CMakeFiles/CMakeTmp/CMAKE_TRY_COMPILE.build/Debug/cmTryCompileExec.build/Script-F8A3920F8A3920F8A3920000.sh
    cd /Users/arkygeek/devel/landuseanalyst/buildXCODE/CMakeFiles/CMakeTmp
    /bin/sh -c /Users/arkygeek/devel/landuseanalyst/buildXCODE/CMakeFiles/CMakeTmp/CMAKE_TRY_COMPILE.build/Debug/cmTryCompileExec.build/Script-F8A3920F8A3920F8A3920000.sh
make: `CMakeFiles/cmake.check_cache' is up to date.

CompileC CMAKE_TRY_COMPILE.build/Debug/cmTryCompileExec.build/Objects-normal/i386/CMakeCXXCompilerABI.o "/Applications/CMake 2.6-3.app/Contents/share/cmake-2.6/Modules/CMakeCXXCompilerABI.cpp" normal i386 c++ com.apple.compilers.gcc.4_0
    cd /Users/arkygeek/devel/landuseanalyst/buildXCODE/CMakeFiles/CMakeTmp
    /Developer/usr/bin/gcc-4.0 -x c++ -arch i386 -fmessage-length=0 -pipe -Wno-trigraphs -fpascal-strings -fasm-blocks -O0 -mdynamic-no-pic -DCMAKE_INTDIR="Debug" -gdwarf-2 -Wmost -Wno-four-char-constants -Wno-unknown-pragmas -F/Users/arkygeek/devel/landuseanalyst/buildXCODE/CMakeFiles/CMakeTmp/Debug -I/Users/arkygeek/devel/landuseanalyst/buildXCODE/CMakeFiles/CMakeTmp/Debug/include -I/Users/arkygeek/devel/landuseanalyst/buildXCODE/CMakeFiles/CMakeTmp/CMAKE_TRY_COMPILE.build/Debug/cmTryCompileExec.build/DerivedSources -c "/Applications/CMake 2.6-3.app/Contents/share/cmake-2.6/Modules/CMakeCXXCompilerABI.cpp" -o /Users/arkygeek/devel/landuseanalyst/buildXCODE/CMakeFiles/CMakeTmp/CMAKE_TRY_COMPILE.build/Debug/cmTryCompileExec.build/Objects-normal/i386/CMakeCXXCompilerABI.o

Ld /Users/arkygeek/devel/landuseanalyst/buildXCODE/CMakeFiles/CMakeTmp/Debug/cmTryCompileExec normal i386
    cd /Users/arkygeek/devel/landuseanalyst/buildXCODE/CMakeFiles/CMakeTmp
    /Developer/usr/bin/g++-4.0 -arch i386 -L/Users/arkygeek/devel/landuseanalyst/buildXCODE/CMakeFiles/CMakeTmp/Debug -F/Users/arkygeek/devel/landuseanalyst/buildXCODE/CMakeFiles/CMakeTmp/Debug -filelist /Users/arkygeek/devel/landuseanalyst/buildXCODE/CMakeFiles/CMakeTmp/CMAKE_TRY_COMPILE.build/Debug/cmTryCompileExec.build/Objects-normal/i386/cmTryCompileExec.LinkFileList -Wl,-search_paths_first -headerpad_max_install_names -o /Users/arkygeek/devel/landuseanalyst/buildXCODE/CMakeFiles/CMakeTmp/Debug/cmTryCompileExec

PhaseScriptExecution /Users/arkygeek/devel/landuseanalyst/buildXCODE/CMakeFiles/CMakeTmp/CMAKE_TRY_COMPILE.build/Debug/cmTryCompileExec.build/Script-F8A4140F8A4140F8A4140000.sh
    cd /Users/arkygeek/devel/landuseanalyst/buildXCODE/CMakeFiles/CMakeTmp
    /bin/sh -c /Users/arkygeek/devel/landuseanalyst/buildXCODE/CMakeFiles/CMakeTmp/CMAKE_TRY_COMPILE.build/Debug/cmTryCompileExec.build/Script-F8A4140F8A4140F8A4140000.sh
echo "Depend check for xcode"
Depend check for xcode
cd /Users/arkygeek/devel/landuseanalyst/buildXCODE/CMakeFiles/CMakeTmp && make -C /Users/arkygeek/devel/landuseanalyst/buildXCODE/CMakeFiles/CMakeTmp -f /Users/arkygeek/devel/landuseanalyst/buildXCODE/CMakeFiles/CMakeTmp/CMakeScripts/XCODE_DEPEND_HELPER.make all.Debug
make[1]: Nothing to be done for `all.Debug'.
** BUILD SUCCEEDED **


Determining if the Q_WS_MAC exist passed with the following output:
Change Dir: /Users/arkygeek/devel/landuseanalyst/buildXCODE/CMakeFiles/CMakeTmp

Run Build Command:/Applications/CMake\ 2.6-3.app/Contents/bin/cmakexbuild -project CMAKE_TRY_COMPILE.xcodeproj build -target cmTryCompileExec -configuration Debug
=== BUILDING NATIVE TARGET cmTryCompileExec OF PROJECT CMAKE_TRY_COMPILE WITH CONFIGURATION Debug ===

Checking Dependencies...

PhaseScriptExecution /Users/arkygeek/devel/landuseanalyst/buildXCODE/CMakeFiles/CMakeTmp/CMAKE_TRY_COMPILE.build/Debug/cmTryCompileExec.build/Script-F8F4A20F8F4A20F8F4A20000.sh
    cd /Users/arkygeek/devel/landuseanalyst/buildXCODE/CMakeFiles/CMakeTmp
    /bin/sh -c /Users/arkygeek/devel/landuseanalyst/buildXCODE/CMakeFiles/CMakeTmp/CMAKE_TRY_COMPILE.build/Debug/cmTryCompileExec.build/Script-F8F4A20F8F4A20F8F4A20000.sh
make: `CMakeFiles/cmake.check_cache' is up to date.

CompileC CMAKE_TRY_COMPILE.build/Debug/cmTryCompileExec.build/Objects-normal/ppc/CheckSymbolExists.o /Users/arkygeek/devel/landuseanalyst/buildXCODE/CMakeFiles/CMakeTmp/CheckSymbolExists.c normal ppc c com.apple.compilers.gcc.4_0
    cd /Users/arkygeek/devel/landuseanalyst/buildXCODE/CMakeFiles/CMakeTmp
    /Developer/usr/bin/gcc-4.0 -x c -arch ppc -fmessage-length=0 -pipe -Wno-trigraphs -fpascal-strings -fasm-blocks -O0 -mdynamic-no-pic -DCMAKE_INTDIR="Debug" -isysroot /Developer/SDKs/MacOSX10.5.sdk -mtune=G4 -mmacosx-version-min=10.5 -gdwarf-2 -Wmost -Wno-four-char-constants -Wno-unknown-pragmas -F/Users/arkygeek/devel/landuseanalyst/buildXCODE/CMakeFiles/CMakeTmp/Debug -I/Users/arkygeek/devel/landuseanalyst/buildXCODE/CMakeFiles/CMakeTmp/Debug/include -I/Users/arkygeek/devel/landuseanalyst/buildXCODE/CMakeFiles/CMakeTmp/CMAKE_TRY_COMPILE.build/Debug/cmTryCompileExec.build/DerivedSources -F/Library/Frameworks -c /Users/arkygeek/devel/landuseanalyst/buildXCODE/CMakeFiles/CMakeTmp/CheckSymbolExists.c -o /Users/arkygeek/devel/landuseanalyst/buildXCODE/CMakeFiles/CMakeTmp/CMAKE_TRY_COMPILE.build/Debug/cmTryCompileExec.build/Objects-normal/ppc/CheckSymbolExists.o

CompileC CMAKE_TRY_COMPILE.build/Debug/cmTryCompileExec.build/Objects-normal/i386/CheckSymbolExists.o /Users/arkygeek/devel/landuseanalyst/buildXCODE/CMakeFiles/CMakeTmp/CheckSymbolExists.c normal i386 c com.apple.compilers.gcc.4_0
    cd /Users/arkygeek/devel/landuseanalyst/buildXCODE/CMakeFiles/CMakeTmp
    /Developer/usr/bin/gcc-4.0 -x c -arch i386 -fmessage-length=0 -pipe -Wno-trigraphs -fpascal-strings -fasm-blocks -O0 -mdynamic-no-pic -DCMAKE_INTDIR="Debug" -isysroot /Developer/SDKs/MacOSX10.5.sdk -mmacosx-version-min=10.5 -gdwarf-2 -Wmost -Wno-four-char-constants -Wno-unknown-pragmas -F/Users/arkygeek/devel/landuseanalyst/buildXCODE/CMakeFiles/CMakeTmp/Debug -I/Users/arkygeek/devel/landuseanalyst/buildXCODE/CMakeFiles/CMakeTmp/Debug/include -I/Users/arkygeek/devel/landuseanalyst/buildXCODE/CMakeFiles/CMakeTmp/CMAKE_TRY_COMPILE.build/Debug/cmTryCompileExec.build/DerivedSources -F/Library/Frameworks -c /Users/arkygeek/devel/landuseanalyst/buildXCODE/CMakeFiles/CMakeTmp/CheckSymbolExists.c -o /Users/arkygeek/devel/landuseanalyst/buildXCODE/CMakeFiles/CMakeTmp/CMAKE_TRY_COMPILE.build/Debug/cmTryCompileExec.build/Objects-normal/i386/CheckSymbolExists.o

Ld /Users/arkygeek/devel/landuseanalyst/buildXCODE/CMakeFiles/CMakeTmp/CMAKE_TRY_COMPILE.build/Debug/cmTryCompileExec.build/Objects-normal/ppc/cmTryCompileExec normal ppc
    cd /Users/arkygeek/devel/landuseanalyst/buildXCODE/CMakeFiles/CMakeTmp
    /Developer/usr/bin/gcc-4.0 -arch ppc -isysroot /Developer/SDKs/MacOSX10.5.sdk -L/Users/arkygeek/devel/landuseanalyst/buildXCODE/CMakeFiles/CMakeTmp/Debug -F/Users/arkygeek/devel/landuseanalyst/buildXCODE/CMakeFiles/CMakeTmp/Debug -filelist /Users/arkygeek/devel/landuseanalyst/buildXCODE/CMakeFiles/CMakeTmp/CMAKE_TRY_COMPILE.build/Debug/cmTryCompileExec.build/Objects-normal/ppc/cmTryCompileExec.LinkFileList -mmacosx-version-min=10.5 -Wl,-search_paths_first -headerpad_max_install_names -o /Users/arkygeek/devel/landuseanalyst/buildXCODE/CMakeFiles/CMakeTmp/CMAKE_TRY_COMPILE.build/Debug/cmTryCompileExec.build/Objects-normal/ppc/cmTryCompileExec

Ld /Users/arkygeek/devel/landuseanalyst/buildXCODE/CMakeFiles/CMakeTmp/CMAKE_TRY_COMPILE.build/Debug/cmTryCompileExec.build/Objects-normal/i386/cmTryCompileExec normal i386
    cd /Users/arkygeek/devel/landuseanalyst/buildXCODE/CMakeFiles/CMakeTmp
    /Developer/usr/bin/gcc-4.0 -arch i386 -isysroot /Developer/SDKs/MacOSX10.5.sdk -L/Users/arkygeek/devel/landuseanalyst/buildXCODE/CMakeFiles/CMakeTmp/Debug -F/Users/arkygeek/devel/landuseanalyst/buildXCODE/CMakeFiles/CMakeTmp/Debug -filelist /Users/arkygeek/devel/landuseanalyst/buildXCODE/CMakeFiles/CMakeTmp/CMAKE_TRY_COMPILE.build/Debug/cmTryCompileExec.build/Objects-normal/i386/cmTryCompileExec.LinkFileList -mmacosx-version-min=10.5 -Wl,-search_paths_first -headerpad_max_install_names -o /Users/arkygeek/devel/landuseanalyst/buildXCODE/CMakeFiles/CMakeTmp/CMAKE_TRY_COMPILE.build/Debug/cmTryCompileExec.build/Objects-normal/i386/cmTryCompileExec

CreateUniversalBinary /Users/arkygeek/devel/landuseanalyst/buildXCODE/CMakeFiles/CMakeTmp/Debug/cmTryCompileExec normal "ppc i386"
    cd /Users/arkygeek/devel/landuseanalyst/buildXCODE/CMakeFiles/CMakeTmp
    /usr/bin/lipo -create /Users/arkygeek/devel/landuseanalyst/buildXCODE/CMakeFiles/CMakeTmp/CMAKE_TRY_COMPILE.build/Debug/cmTryCompileExec.build/Objects-normal/ppc/cmTryCompileExec /Users/arkygeek/devel/landuseanalyst/buildXCODE/CMakeFiles/CMakeTmp/CMAKE_TRY_COMPILE.build/Debug/cmTryCompileExec.build/Objects-normal/i386/cmTryCompileExec -output /Users/arkygeek/devel/landuseanalyst/buildXCODE/CMakeFiles/CMakeTmp/Debug/cmTryCompileExec

PhaseScriptExecution /Users/arkygeek/devel/landuseanalyst/buildXCODE/CMakeFiles/CMakeTmp/CMAKE_TRY_COMPILE.build/Debug/cmTryCompileExec.build/Script-F8F5240F8F5240F8F5240000.sh
    cd /Users/arkygeek/devel/landuseanalyst/buildXCODE/CMakeFiles/CMakeTmp
    /bin/sh -c /Users/arkygeek/devel/landuseanalyst/buildXCODE/CMakeFiles/CMakeTmp/CMAKE_TRY_COMPILE.build/Debug/cmTryCompileExec.build/Script-F8F5240F8F5240F8F5240000.sh
echo "Depend check for xcode"
Depend check for xcode
cd /Users/arkygeek/devel/landuseanalyst/buildXCODE/CMakeFiles/CMakeTmp && make -C /Users/arkygeek/devel/landuseanalyst/buildXCODE/CMakeFiles/CMakeTmp -f /Users/arkygeek/devel/landuseanalyst/buildXCODE/CMakeFiles/CMakeTmp/CMakeScripts/XCODE_DEPEND_HELPER.make all.Debug
make[1]: Nothing to be done for `all.Debug'.
** BUILD SUCCEEDED **

File /Users/arkygeek/devel/landuseanalyst/buildXCODE/CMakeFiles/CMakeTmp/CheckSymbolExists.c:
/* */
#include <QtCore/qglobal.h>

void cmakeRequireSymbol(int dummy,...){(void)dummy;}
int main()
{
#ifndef Q_WS_MAC
  cmakeRequireSymbol(0,&Q_WS_MAC);
#endif
  return 0;
}

